# JRE version: OpenJDK Runtime Environment (8.0_112-b06) (build 1.8.0_112-release-b06)
# Java VM: OpenJDK 64-Bit Server VM (25.112-b06 mixed mode windows-amd64 compressed oops)
Heap:
 PSYoungGen      total 195072K, used 47967K [0x00000000e0000000, 0x00000000ed080000, 0x0000000100000000)
  eden space 176640K, 16% used [0x00000000e0000000,0x00000000e1cd7c98,0x00000000eac80000)
  from space 18432K, 100% used [0x00000000eac80000,0x00000000ebe80000,0x00000000ebe80000)
  to   space 14336K, 0% used [0x00000000ebf80000,0x00000000ebf80000,0x00000000ecd80000)
 ParOldGen       total 56320K, used 34515K [0x00000000a0000000, 0x00000000a3700000, 0x00000000e0000000)
  object space 56320K, 61% used [0x00000000a0000000,0x00000000a21b4e90,0x00000000a3700000)
 Metaspace       used 53951K, capacity 56366K, committed 56576K, reserved 1097728K
  class space    used 7318K, capacity 7840K, committed 7936K, reserved 1048576K
GC Heap History (10 events):
Event: 14.213 GC heap before
{Heap before GC invocations=9 (full 1):
 PSYoungGen      total 138752K, used 25274K [0x00000000e0000000, 0x00000000e9f80000, 0x0000000100000000)
  eden space 128000K, 11% used [0x00000000e0000000,0x00000000e0e30420,0x00000000e7d00000)
  from space 10752K, 99% used [0x00000000e7d00000,0x00000000e877e3f8,0x00000000e8780000)
  to   space 12800K, 0% used [0x00000000e9300000,0x00000000e9300000,0x00000000e9f80000)
 ParOldGen       total 40960K, used 10233K [0x00000000a0000000, 0x00000000a2800000, 0x00000000e0000000)
  object space 40960K, 24% used [0x00000000a0000000,0x00000000a09fe7d8,0x00000000a2800000)
 Metaspace       used 34537K, capacity 35298K, committed 35496K, reserved 1079296K
  class space    used 4661K, capacity 4854K, committed 4864K, reserved 1048576K
Event: 14.224 GC heap after
Heap after GC invocations=9 (full 1):
 PSYoungGen      total 150528K, used 8330K [0x00000000e0000000, 0x00000000ed980000, 0x0000000100000000)
  eden space 137728K, 0% used [0x00000000e0000000,0x00000000e0000000,0x00000000e8680000)
  from space 12800K, 65% used [0x00000000e9300000,0x00000000e9b22960,0x00000000e9f80000)
  to   space 12800K, 0% used [0x00000000e8680000,0x00000000e8680000,0x00000000e9300000)
 ParOldGen       total 40960K, used 10241K [0x00000000a0000000, 0x00000000a2800000, 0x00000000e0000000)
  object space 40960K, 25% used [0x00000000a0000000,0x00000000a0a007d8,0x00000000a2800000)
 Metaspace       used 34537K, capacity 35298K, committed 35496K, reserved 1079296K
  class space    used 4661K, capacity 4854K, committed 4864K, reserved 1048576K
}
Event: 14.224 GC heap before
{Heap before GC invocations=10 (full 2):
 PSYoungGen      total 150528K, used 8330K [0x00000000e0000000, 0x00000000ed980000, 0x0000000100000000)
  eden space 137728K, 0% used [0x00000000e0000000,0x00000000e0000000,0x00000000e8680000)
  from space 12800K, 65% used [0x00000000e9300000,0x00000000e9b22960,0x00000000e9f80000)
  to   space 12800K, 0% used [0x00000000e8680000,0x00000000e8680000,0x00000000e9300000)
 ParOldGen       total 40960K, used 10241K [0x00000000a0000000, 0x00000000a2800000, 0x00000000e0000000)
  object space 40960K, 25% used [0x00000000a0000000,0x00000000a0a007d8,0x00000000a2800000)
 Metaspace       used 34537K, capacity 35298K, committed 35496K, reserved 1079296K
  class space    used 4661K, capacity 4854K, committed 4864K, reserved 1048576K
Event: 14.314 GC heap after
Heap after GC invocations=10 (full 2):
 PSYoungGen      total 150528K, used 0K [0x00000000e0000000, 0x00000000ed980000, 0x0000000100000000)
  eden space 137728K, 0% used [0x00000000e0000000,0x00000000e0000000,0x00000000e8680000)
  from space 12800K, 0% used [0x00000000e9300000,0x00000000e9300000,0x00000000e9f80000)
  to   space 12800K, 0% used [0x00000000e8680000,0x00000000e8680000,0x00000000e9300000)
 ParOldGen       total 56320K, used 15062K [0x00000000a0000000, 0x00000000a3700000, 0x00000000e0000000)
  object space 56320K, 26% used [0x00000000a0000000,0x00000000a0eb5900,0x00000000a3700000)
 Metaspace       used 34537K, capacity 35298K, committed 35496K, reserved 1079296K
  class space    used 4661K, capacity 4854K, committed 4864K, reserved 1048576K
}
Event: 21.273 GC heap before
{Heap before GC invocations=11 (full 2):
 PSYoungGen      total 150528K, used 137728K [0x00000000e0000000, 0x00000000ed980000, 0x0000000100000000)
  eden space 137728K, 100% used [0x00000000e0000000,0x00000000e8680000,0x00000000e8680000)
  from space 12800K, 0% used [0x00000000e9300000,0x00000000e9300000,0x00000000e9f80000)
  to   space 12800K, 0% used [0x00000000e8680000,0x00000000e8680000,0x00000000e9300000)
 ParOldGen       total 56320K, used 15062K [0x00000000a0000000, 0x00000000a3700000, 0x00000000e0000000)
  object space 56320K, 26% used [0x00000000a0000000,0x00000000a0eb5900,0x00000000a3700000)
 Metaspace       used 42941K, capacity 43898K, committed 44032K, reserved 1087488K
  class space    used 5772K, capacity 6051K, committed 6144K, reserved 1048576K
Event: 21.292 GC heap after
Heap after GC invocations=11 (full 2):
 PSYoungGen      total 150528K, used 12402K [0x00000000e0000000, 0x00000000ecd80000, 0x0000000100000000)
  eden space 137728K, 0% used [0x00000000e0000000,0x00000000e0000000,0x00000000e8680000)
  from space 12800K, 96% used [0x00000000e8680000,0x00000000e929cb30,0x00000000e9300000)
  to   space 14336K, 0% used [0x00000000ebf80000,0x00000000ebf80000,0x00000000ecd80000)
 ParOldGen       total 56320K, used 15070K [0x00000000a0000000, 0x00000000a3700000, 0x00000000e0000000)
  object space 56320K, 26% used [0x00000000a0000000,0x00000000a0eb7900,0x00000000a3700000)
 Metaspace       used 42941K, capacity 43898K, committed 44032K, reserved 1087488K
  class space    used 5772K, capacity 6051K, committed 6144K, reserved 1048576K
}
Event: 33.716 GC heap before
{Heap before GC invocations=12 (full 2):
 PSYoungGen      total 150528K, used 150130K [0x00000000e0000000, 0x00000000ecd80000, 0x0000000100000000)
  eden space 137728K, 100% used [0x00000000e0000000,0x00000000e8680000,0x00000000e8680000)
  from space 12800K, 96% used [0x00000000e8680000,0x00000000e929cb30,0x00000000e9300000)
  to   space 14336K, 0% used [0x00000000ebf80000,0x00000000ebf80000,0x00000000ecd80000)
 ParOldGen       total 56320K, used 15070K [0x00000000a0000000, 0x00000000a3700000, 0x00000000e0000000)
  object space 56320K, 26% used [0x00000000a0000000,0x00000000a0eb7900,0x00000000a3700000)
 Metaspace       used 48107K, capacity 49740K, committed 50048K, reserved 1091584K
  class space    used 6518K, capacity 6924K, committed 7040K, reserved 1048576K
Event: 33.739 GC heap after
Heap after GC invocations=12 (full 2):
 PSYoungGen      total 190976K, used 14322K [0x00000000e0000000, 0x00000000ed080000, 0x0000000100000000)
  eden space 176640K, 0% used [0x00000000e0000000,0x00000000e0000000,0x00000000eac80000)
  from space 14336K, 99% used [0x00000000ebf80000,0x00000000ecd7caa8,0x00000000ecd80000)
  to   space 18432K, 0% used [0x00000000eac80000,0x00000000eac80000,0x00000000ebe80000)
 ParOldGen       total 56320K, used 20558K [0x00000000a0000000, 0x00000000a3700000, 0x00000000e0000000)
  object space 56320K, 36% used [0x00000000a0000000,0x00000000a1413bf0,0x00000000a3700000)
 Metaspace       used 48107K, capacity 49740K, committed 50048K, reserved 1091584K
  class space    used 6518K, capacity 6924K, committed 7040K, reserved 1048576K
}
Event: 60.158 GC heap before
{Heap before GC invocations=13 (full 2):
 PSYoungGen      total 190976K, used 190962K [0x00000000e0000000, 0x00000000ed080000, 0x0000000100000000)
  eden space 176640K, 100% used [0x00000000e0000000,0x00000000eac80000,0x00000000eac80000)
  from space 14336K, 99% used [0x00000000ebf80000,0x00000000ecd7caa8,0x00000000ecd80000)
  to   space 18432K, 0% used [0x00000000eac80000,0x00000000eac80000,0x00000000ebe80000)
 ParOldGen       total 56320K, used 20558K [0x00000000a0000000, 0x00000000a3700000, 0x00000000e0000000)
  object space 56320K, 36% used [0x00000000a0000000,0x00000000a1413bf0,0x00000000a3700000)
 Metaspace       used 53735K, capacity 56078K, committed 56320K, reserved 1097728K
  class space    used 7314K, capacity 7836K, committed 7936K, reserved 1048576K
Event: 60.213 GC heap after
Heap after GC invocations=13 (full 2):
 PSYoungGen      total 195072K, used 18432K [0x00000000e0000000, 0x00000000ed080000, 0x0000000100000000)
  eden space 176640K, 0% used [0x00000000e0000000,0x00000000e0000000,0x00000000eac80000)
  from space 18432K, 100% used [0x00000000eac80000,0x00000000ebe80000,0x00000000ebe80000)
  to   space 14336K, 0% used [0x00000000ebf80000,0x00000000ebf80000,0x00000000ecd80000)
 ParOldGen       total 56320K, used 34515K [0x00000000a0000000, 0x00000000a3700000, 0x00000000e0000000)
  object space 56320K, 61% used [0x00000000a0000000,0x00000000a21b4e90,0x00000000a3700000)
 Metaspace       used 53735K, capacity 56078K, committed 56320K, reserved 1097728K
  class space    used 7314K, capacity 7836K, committed 7936K, reserved 1048576K
}

